<?xml version="1.0" encoding="UTF-8"?>
<!-- Generated by org.testng.reporters.JUnitReportReporter -->
<testsuite hostname="ip-172-31-25-119" failures="0" tests="1" name="testng.Pizzahut_testNG" time="9.096" errors="0" timestamp="27 Feb 2023 10:55:33 GMT" skipped="0">
  <testcase classname="testng.Pizzahut_testNG" name="pizzaSelection" time="9.096"/>
</testsuite> <!-- testng.Pizzahut_testNG -->
